This file contains any messages produced by compilers while
running configure, to aid debugging if configure makes a mistake.

It was created by configure, which was
generated by GNU Autoconf 2.69.  Invocation command line was

  $ ./configure 

## --------- ##
## Platform. ##
## --------- ##

hostname = FXPALHW0765.local
uname -m = x86_64
uname -r = 15.6.0
uname -s = Darwin
uname -v = Darwin Kernel Version 15.6.0: Mon Aug 29 20:21:34 PDT 2016; root:xnu-3248.60.11~1/RELEASE_X86_64

/usr/bin/uname -p = i386
/bin/uname -X     = unknown

/bin/arch              = unknown
/usr/bin/arch -k       = unknown
/usr/convex/getsysinfo = unknown
/usr/bin/hostinfo      = Mach kernel version:
	 Darwin Kernel Version 15.6.0: Mon Aug 29 20:21:34 PDT 2016; root:xnu-3248.60.11~1/RELEASE_X86_64
Kernel configured for up to 4 processors.
2 processors are physically available.
4 processors are logically available.
Processor type: i486 (Intel 80486)
Processors active: 0 1 2 3
Primary memory available: 8.00 gigabytes
Default processor set: 276 tasks, 1305 threads, 4 processors
Load average: 0.96, Mach factor: 3.02
/bin/machine           = unknown
/usr/bin/oslevel       = unknown
/bin/universe          = unknown

PATH: /opt/local/bin
PATH: /opt/local/sbin
PATH: /usr/local/bin
PATH: /usr/bin
PATH: /bin
PATH: /usr/sbin
PATH: /sbin
PATH: /opt/X11/bin
PATH: /usr/local/go/bin


## ----------- ##
## Core tests. ##
## ----------- ##

configure:2511: checking for gcc
configure:2527: found /usr/bin/gcc
configure:2538: result: gcc
configure:2767: checking for C compiler version
configure:2776: gcc --version >&5
Apple LLVM version 8.0.0 (clang-800.0.42.1)
Target: x86_64-apple-darwin15.6.0
Thread model: posix
InstalledDir: /Applications/Xcode.app/Contents/Developer/Toolchains/XcodeDefault.xctoolchain/usr/bin
Configured with: --prefix=/Applications/Xcode.app/Contents/Developer/usr --with-gxx-include-dir=/usr/include/c++/4.2.1
configure:2787: $? = 0
configure:2776: gcc -v >&5
Configured with: --prefix=/Applications/Xcode.app/Contents/Developer/usr --with-gxx-include-dir=/usr/include/c++/4.2.1
Apple LLVM version 8.0.0 (clang-800.0.42.1)
Target: x86_64-apple-darwin15.6.0
Thread model: posix
InstalledDir: /Applications/Xcode.app/Contents/Developer/Toolchains/XcodeDefault.xctoolchain/usr/bin
configure:2787: $? = 0
configure:2776: gcc -V >&5
clang: error: argument to '-V' is missing (expected 1 value)
clang: error: no input files
configure:2787: $? = 1
configure:2776: gcc -qversion >&5
clang: error: unknown argument: '-qversion'
clang: error: no input files
configure:2787: $? = 1
configure:2807: checking whether the C compiler works
configure:2829: gcc    conftest.c  >&5
configure:2833: $? = 0
configure:2881: result: yes
configure:2884: checking for C compiler default output file name
configure:2886: result: a.out
configure:2892: checking for suffix of executables
configure:2899: gcc -o conftest    conftest.c  >&5
configure:2903: $? = 0
configure:2925: result: 
configure:2947: checking whether we are cross compiling
configure:2955: gcc -o conftest    conftest.c  >&5
configure:2959: $? = 0
configure:2966: ./conftest
configure:2970: $? = 0
configure:2985: result: no
configure:2990: checking for suffix of object files
configure:3012: gcc -c   conftest.c >&5
configure:3016: $? = 0
configure:3037: result: o
configure:3041: checking whether we are using the GNU C compiler
configure:3060: gcc -c   conftest.c >&5
configure:3060: $? = 0
configure:3069: result: yes
configure:3078: checking whether gcc accepts -g
configure:3098: gcc -c -g  conftest.c >&5
configure:3098: $? = 0
configure:3139: result: yes
configure:3156: checking for gcc option to accept ISO C89
configure:3219: gcc  -c -g -O2  conftest.c >&5
configure:3219: $? = 0
configure:3232: result: none needed
configure:3253: checking for library containing strerror
configure:3284: gcc -o conftest -g -O2   conftest.c  >&5
conftest.c:18:6: warning: incompatible redeclaration of library function 'strerror' [-Wincompatible-library-redeclaration]
char strerror ();
     ^
conftest.c:18:6: note: 'strerror' is a builtin with type 'char *(int)'
1 warning generated.
configure:3284: $? = 0
configure:3301: result: none required
configure:3313: checking for gcc option to accept ISO C99
configure:3462: gcc  -c -g -O2  conftest.c >&5
configure:3462: $? = 0
configure:3475: result: none needed
configure:3583: checking for gcc option to accept ISO Standard C
configure:3594: result: none needed
configure:3662: checking for g++
configure:3678: found /usr/bin/g++
configure:3689: result: g++
configure:3716: checking for C++ compiler version
configure:3725: g++ --version >&5
Apple LLVM version 8.0.0 (clang-800.0.42.1)
Target: x86_64-apple-darwin15.6.0
Thread model: posix
InstalledDir: /Applications/Xcode.app/Contents/Developer/Toolchains/XcodeDefault.xctoolchain/usr/bin
Configured with: --prefix=/Applications/Xcode.app/Contents/Developer/usr --with-gxx-include-dir=/usr/include/c++/4.2.1
configure:3736: $? = 0
configure:3725: g++ -v >&5
Configured with: --prefix=/Applications/Xcode.app/Contents/Developer/usr --with-gxx-include-dir=/usr/include/c++/4.2.1
Apple LLVM version 8.0.0 (clang-800.0.42.1)
Target: x86_64-apple-darwin15.6.0
Thread model: posix
InstalledDir: /Applications/Xcode.app/Contents/Developer/Toolchains/XcodeDefault.xctoolchain/usr/bin
configure:3736: $? = 0
configure:3725: g++ -V >&5
clang: error: argument to '-V' is missing (expected 1 value)
clang: error: no input files
configure:3736: $? = 1
configure:3725: g++ -qversion >&5
clang: error: unknown argument: '-qversion'
clang: error: no input files
configure:3736: $? = 1
configure:3740: checking whether we are using the GNU C++ compiler
configure:3759: g++ -c   conftest.cpp >&5
configure:3759: $? = 0
configure:3768: result: yes
configure:3777: checking whether g++ accepts -g
configure:3797: g++ -c -g  conftest.cpp >&5
configure:3797: $? = 0
configure:3838: result: yes
configure:3904: checking for a BSD-compatible install
configure:3972: result: /usr/local/bin/ginstall -c
configure:4026: checking for ranlib
configure:4042: found /usr/bin/ranlib
configure:4053: result: ranlib
configure:4081: checking for OS/2 (with EMX)
configure:4097: gcc -c -g -O2  conftest.c >&5
conftest.c:15:1: error: use of undeclared identifier '__EMX__'
__EMX__
^
1 error generated.
configure:4097: $? = 1
configure: failed program was:
| /* confdefs.h */
| #define PACKAGE_NAME ""
| #define PACKAGE_TARNAME ""
| #define PACKAGE_VERSION ""
| #define PACKAGE_STRING ""
| #define PACKAGE_BUGREPORT ""
| #define PACKAGE_URL ""
| #define APPDEFDIR ""
| #define SYSTEM_XPDFRC "/usr/local/etc/xpdfrc"
| /* end confdefs.h.  */
| 
| int
| main ()
| {
| __EMX__
|   ;
|   return 0;
| }
configure:4104: result: no
configure:4112: checking for DOS (with DJGPP)
configure:4128: gcc -c -g -O2  conftest.c >&5
conftest.c:15:1: error: use of undeclared identifier '__DJGPP__'
__DJGPP__
^
1 error generated.
configure:4128: $? = 1
configure: failed program was:
| /* confdefs.h */
| #define PACKAGE_NAME ""
| #define PACKAGE_TARNAME ""
| #define PACKAGE_VERSION ""
| #define PACKAGE_STRING ""
| #define PACKAGE_BUGREPORT ""
| #define PACKAGE_URL ""
| #define APPDEFDIR ""
| #define SYSTEM_XPDFRC "/usr/local/etc/xpdfrc"
| /* end confdefs.h.  */
| 
| int
| main ()
| {
| __DJGPP__
|   ;
|   return 0;
| }
configure:4135: result: no
configure:4154: checking how to run the C preprocessor
configure:4185: gcc -E  conftest.c
configure:4185: $? = 0
configure:4199: gcc -E  conftest.c
conftest.c:11:10: fatal error: 'ac_nonexistent.h' file not found
#include <ac_nonexistent.h>
         ^
1 error generated.
configure:4199: $? = 1
configure: failed program was:
| /* confdefs.h */
| #define PACKAGE_NAME ""
| #define PACKAGE_TARNAME ""
| #define PACKAGE_VERSION ""
| #define PACKAGE_STRING ""
| #define PACKAGE_BUGREPORT ""
| #define PACKAGE_URL ""
| #define APPDEFDIR ""
| #define SYSTEM_XPDFRC "/usr/local/etc/xpdfrc"
| /* end confdefs.h.  */
| #include <ac_nonexistent.h>
configure:4224: result: gcc -E
configure:4244: gcc -E  conftest.c
configure:4244: $? = 0
configure:4258: gcc -E  conftest.c
conftest.c:11:10: fatal error: 'ac_nonexistent.h' file not found
#include <ac_nonexistent.h>
         ^
1 error generated.
configure:4258: $? = 1
configure: failed program was:
| /* confdefs.h */
| #define PACKAGE_NAME ""
| #define PACKAGE_TARNAME ""
| #define PACKAGE_VERSION ""
| #define PACKAGE_STRING ""
| #define PACKAGE_BUGREPORT ""
| #define PACKAGE_URL ""
| #define APPDEFDIR ""
| #define SYSTEM_XPDFRC "/usr/local/etc/xpdfrc"
| /* end confdefs.h.  */
| #include <ac_nonexistent.h>
configure:4287: checking for X
configure:4395: gcc -E  conftest.c
conftest.c:11:10: fatal error: 'X11/Xlib.h' file not found
#include <X11/Xlib.h>
         ^
1 error generated.
configure:4395: $? = 1
configure: failed program was:
| /* confdefs.h */
| #define PACKAGE_NAME ""
| #define PACKAGE_TARNAME ""
| #define PACKAGE_VERSION ""
| #define PACKAGE_STRING ""
| #define PACKAGE_BUGREPORT ""
| #define PACKAGE_URL ""
| #define APPDEFDIR ""
| #define SYSTEM_XPDFRC "/usr/local/etc/xpdfrc"
| /* end confdefs.h.  */
| #include <X11/Xlib.h>
configure:4426: gcc -o conftest -g -O2   conftest.c -lX11  >&5
conftest.c:11:10: fatal error: 'X11/Xlib.h' file not found
#include <X11/Xlib.h>
         ^
1 error generated.
configure:4426: $? = 1
configure: failed program was:
| /* confdefs.h */
| #define PACKAGE_NAME ""
| #define PACKAGE_TARNAME ""
| #define PACKAGE_VERSION ""
| #define PACKAGE_STRING ""
| #define PACKAGE_BUGREPORT ""
| #define PACKAGE_URL ""
| #define APPDEFDIR ""
| #define SYSTEM_XPDFRC "/usr/local/etc/xpdfrc"
| /* end confdefs.h.  */
| #include <X11/Xlib.h>
| int
| main ()
| {
| XrmInitialize ()
|   ;
|   return 0;
| }
configure:4465: result: no
configure:4973: checking for dirent.h that defines DIR
configure:4992: gcc -c -g -O2  conftest.c >&5
configure:4992: $? = 0
configure:5000: result: yes
configure:5013: checking for library containing opendir
configure:5044: gcc -o conftest -g -O2   conftest.c  >&5
configure:5044: $? = 0
configure:5061: result: none required
configure:5137: checking for gethostbyname
configure:5137: g++ -o conftest -g -O2   conftest.cpp  >&5
configure:5137: $? = 0
configure:5137: result: yes
configure:5185: checking select() and fd_set in sys/select.h and sys/bsdtypes.h
configure:5202: g++ -c -g -O2  conftest.cpp >&5
configure:5202: $? = 0
configure:5209: result: not needed
configure:5274: checking FD_ZERO and strings.h or bstring.h
configure:5291: g++ -c -g -O2  conftest.cpp >&5
configure:5291: $? = 0
configure:5298: result: not needed
configure:5365: checking for rewinddir
configure:5365: g++ -o conftest -g -O2   conftest.cpp  >&5
configure:5365: $? = 0
configure:5365: result: yes
configure:5424: checking for popen
configure:5424: g++ -o conftest -g -O2   conftest.cpp  >&5
configure:5424: $? = 0
configure:5424: result: yes
configure:5433: checking for mkstemp
configure:5450: g++ -o conftest -g -O2   conftest.cpp  >&5
conftest.cpp:20:9: warning: conversion from string literal to 'char *' is deprecated [-Wc++11-compat-deprecated-writable-strings]
mkstemp("foo");
        ^
1 warning generated.
configure:5450: $? = 0
configure:5458: result: yes
configure:5464: checking for mkstemps
configure:5481: g++ -o conftest -g -O2   conftest.cpp  >&5
conftest.cpp:21:10: warning: conversion from string literal to 'char *' is deprecated [-Wc++11-compat-deprecated-writable-strings]
mkstemps("foo", 0);
         ^
1 warning generated.
configure:5481: $? = 0
configure:5489: result: yes
configure:5496: checking whether select takes fd_set arguments
configure:5518: g++ -c -g -O2  conftest.cpp >&5
configure:5518: $? = 0
configure:5525: result: yes
configure:5532: checking for std::sort
configure:5552: g++ -c -g -O2  conftest.cpp >&5
configure:5552: $? = 0
configure:5559: result: yes
configure:5580: checking for special C compiler options needed for large files
configure:5625: result: no
configure:5631: checking for _FILE_OFFSET_BITS value needed for large files
configure:5656: gcc -c -g -O2  conftest.c >&5
configure:5656: $? = 0
configure:5688: result: no
configure:5773: checking for _LARGEFILE_SOURCE value needed for large files
configure:5792: gcc -o conftest -g -O2   conftest.c  >&5
configure:5792: $? = 0
configure:5820: result: no
configure:5843: checking for fseek64
configure:5843: gcc -o conftest -g -O2   conftest.c  >&5
Undefined symbols for architecture x86_64:
  "_fseek64", referenced from:
      _main in conftest-24204e.o
ld: symbol(s) not found for architecture x86_64
clang: error: linker command failed with exit code 1 (use -v to see invocation)
configure:5843: $? = 1
configure: failed program was:
| /* confdefs.h */
| #define PACKAGE_NAME ""
| #define PACKAGE_TARNAME ""
| #define PACKAGE_VERSION ""
| #define PACKAGE_STRING ""
| #define PACKAGE_BUGREPORT ""
| #define PACKAGE_URL ""
| #define APPDEFDIR ""
| #define SYSTEM_XPDFRC "/usr/local/etc/xpdfrc"
| #define X_DISPLAY_MISSING 1
| #define HAVE_DIRENT_H 1
| #define HAVE_REWINDDIR 1
| #define HAVE_POPEN 1
| #define HAVE_MKSTEMP 1
| #define HAVE_MKSTEMPS 1
| #define HAVE_STD_SORT 1
| #define HAVE_FSEEKO 1
| /* end confdefs.h.  */
| /* Define fseek64 to an innocuous variant, in case <limits.h> declares fseek64.
|    For example, HP-UX 11i <limits.h> declares gettimeofday.  */
| #define fseek64 innocuous_fseek64
| 
| /* System header to define __stub macros and hopefully few prototypes,
|     which can conflict with char fseek64 (); below.
|     Prefer <limits.h> to <assert.h> if __STDC__ is defined, since
|     <limits.h> exists even on freestanding compilers.  */
| 
| #ifdef __STDC__
| # include <limits.h>
| #else
| # include <assert.h>
| #endif
| 
| #undef fseek64
| 
| /* Override any GCC internal prototype to avoid an error.
|    Use char because int might match the return type of a GCC
|    builtin and then its argument prototype would still apply.  */
| #ifdef __cplusplus
| extern "C"
| #endif
| char fseek64 ();
| /* The GNU C library defines this for functions which it implements
|     to always fail with ENOSYS.  Some functions are actually named
|     something starting with __ and the normal name is an alias.  */
| #if defined __stub_fseek64 || defined __stub___fseek64
| choke me
| #endif
| 
| int
| main ()
| {
| return fseek64 ();
|   ;
|   return 0;
| }
configure:5843: result: no
configure:5856: checking for ftell64
configure:5856: gcc -o conftest -g -O2   conftest.c  >&5
Undefined symbols for architecture x86_64:
  "_ftell64", referenced from:
      _main in conftest-2b4a4d.o
ld: symbol(s) not found for architecture x86_64
clang: error: linker command failed with exit code 1 (use -v to see invocation)
configure:5856: $? = 1
configure: failed program was:
| /* confdefs.h */
| #define PACKAGE_NAME ""
| #define PACKAGE_TARNAME ""
| #define PACKAGE_VERSION ""
| #define PACKAGE_STRING ""
| #define PACKAGE_BUGREPORT ""
| #define PACKAGE_URL ""
| #define APPDEFDIR ""
| #define SYSTEM_XPDFRC "/usr/local/etc/xpdfrc"
| #define X_DISPLAY_MISSING 1
| #define HAVE_DIRENT_H 1
| #define HAVE_REWINDDIR 1
| #define HAVE_POPEN 1
| #define HAVE_MKSTEMP 1
| #define HAVE_MKSTEMPS 1
| #define HAVE_STD_SORT 1
| #define HAVE_FSEEKO 1
| /* end confdefs.h.  */
| /* Define ftell64 to an innocuous variant, in case <limits.h> declares ftell64.
|    For example, HP-UX 11i <limits.h> declares gettimeofday.  */
| #define ftell64 innocuous_ftell64
| 
| /* System header to define __stub macros and hopefully few prototypes,
|     which can conflict with char ftell64 (); below.
|     Prefer <limits.h> to <assert.h> if __STDC__ is defined, since
|     <limits.h> exists even on freestanding compilers.  */
| 
| #ifdef __STDC__
| # include <limits.h>
| #else
| # include <assert.h>
| #endif
| 
| #undef ftell64
| 
| /* Override any GCC internal prototype to avoid an error.
|    Use char because int might match the return type of a GCC
|    builtin and then its argument prototype would still apply.  */
| #ifdef __cplusplus
| extern "C"
| #endif
| char ftell64 ();
| /* The GNU C library defines this for functions which it implements
|     to always fail with ENOSYS.  Some functions are actually named
|     something starting with __ and the normal name is an alias.  */
| #if defined __stub_ftell64 || defined __stub___ftell64
| choke me
| #endif
| 
| int
| main ()
| {
| return ftell64 ();
|   ;
|   return 0;
| }
configure:5856: result: no
configure:7453: checking whether to use freetype2 library
configure:7460: result: maybe
configure:7509: checking where to find the freetype2 header files
configure:7516: result: 
configure:7535: checking ft2build.h usability
configure:7535: gcc -c -g -O2    conftest.c >&5
conftest.c:52:10: fatal error: 'ft2build.h' file not found
#include <ft2build.h>
         ^
1 error generated.
configure:7535: $? = 1
configure: failed program was:
| /* confdefs.h */
| #define PACKAGE_NAME ""
| #define PACKAGE_TARNAME ""
| #define PACKAGE_VERSION ""
| #define PACKAGE_STRING ""
| #define PACKAGE_BUGREPORT ""
| #define PACKAGE_URL ""
| #define APPDEFDIR ""
| #define SYSTEM_XPDFRC "/usr/local/etc/xpdfrc"
| #define X_DISPLAY_MISSING 1
| #define HAVE_DIRENT_H 1
| #define HAVE_REWINDDIR 1
| #define HAVE_POPEN 1
| #define HAVE_MKSTEMP 1
| #define HAVE_MKSTEMPS 1
| #define HAVE_STD_SORT 1
| #define HAVE_FSEEKO 1
| /* end confdefs.h.  */
| #include <stdio.h>
| #ifdef HAVE_SYS_TYPES_H
| # include <sys/types.h>
| #endif
| #ifdef HAVE_SYS_STAT_H
| # include <sys/stat.h>
| #endif
| #ifdef STDC_HEADERS
| # include <stdlib.h>
| # include <stddef.h>
| #else
| # ifdef HAVE_STDLIB_H
| #  include <stdlib.h>
| # endif
| #endif
| #ifdef HAVE_STRING_H
| # if !defined STDC_HEADERS && defined HAVE_MEMORY_H
| #  include <memory.h>
| # endif
| # include <string.h>
| #endif
| #ifdef HAVE_STRINGS_H
| # include <strings.h>
| #endif
| #ifdef HAVE_INTTYPES_H
| # include <inttypes.h>
| #endif
| #ifdef HAVE_STDINT_H
| # include <stdint.h>
| #endif
| #ifdef HAVE_UNISTD_H
| # include <unistd.h>
| #endif
| #include <ft2build.h>
configure:7535: result: no
configure:7535: checking ft2build.h presence
configure:7535: gcc -E    conftest.c
conftest.c:19:10: fatal error: 'ft2build.h' file not found
#include <ft2build.h>
         ^
1 error generated.
configure:7535: $? = 1
configure: failed program was:
| /* confdefs.h */
| #define PACKAGE_NAME ""
| #define PACKAGE_TARNAME ""
| #define PACKAGE_VERSION ""
| #define PACKAGE_STRING ""
| #define PACKAGE_BUGREPORT ""
| #define PACKAGE_URL ""
| #define APPDEFDIR ""
| #define SYSTEM_XPDFRC "/usr/local/etc/xpdfrc"
| #define X_DISPLAY_MISSING 1
| #define HAVE_DIRENT_H 1
| #define HAVE_REWINDDIR 1
| #define HAVE_POPEN 1
| #define HAVE_MKSTEMP 1
| #define HAVE_MKSTEMPS 1
| #define HAVE_STD_SORT 1
| #define HAVE_FSEEKO 1
| /* end confdefs.h.  */
| #include <ft2build.h>
configure:7535: result: no
configure:7535: checking for ft2build.h
configure:7535: result: no
configure:7616: result: not using freetype2 library
configure:7668: checking whether to use libpng library
configure:7675: result: maybe
configure:7724: checking where to find the libpng header files
configure:7731: result: 
configure:7750: checking png.h usability
configure:7750: gcc -c -g -O2    conftest.c >&5
configure:7750: $? = 0
configure:7750: result: yes
configure:7750: checking png.h presence
configure:7750: gcc -E    conftest.c
configure:7750: $? = 0
configure:7750: result: yes
configure:7750: checking for png.h
configure:7750: result: yes
configure:7779: checking for png_write_row in -lpng
configure:7804: gcc -o conftest -g -O2   conftest.c -lpng   -lpng -lz  >&5
configure:7804: $? = 0
configure:7813: result: yes
configure:7824: result: using libpng library
configure:7877: checking whether to use libpaper library
configure:7884: result: maybe
configure:7933: checking where to find the libpaper header files
configure:7940: result: 
configure:7959: checking paper.h usability
configure:7959: gcc -c -g -O2    conftest.c >&5
conftest.c:53:10: fatal error: 'paper.h' file not found
#include <paper.h>
         ^
1 error generated.
configure:7959: $? = 1
configure: failed program was:
| /* confdefs.h */
| #define PACKAGE_NAME ""
| #define PACKAGE_TARNAME ""
| #define PACKAGE_VERSION ""
| #define PACKAGE_STRING ""
| #define PACKAGE_BUGREPORT ""
| #define PACKAGE_URL ""
| #define APPDEFDIR ""
| #define SYSTEM_XPDFRC "/usr/local/etc/xpdfrc"
| #define X_DISPLAY_MISSING 1
| #define HAVE_DIRENT_H 1
| #define HAVE_REWINDDIR 1
| #define HAVE_POPEN 1
| #define HAVE_MKSTEMP 1
| #define HAVE_MKSTEMPS 1
| #define HAVE_STD_SORT 1
| #define HAVE_FSEEKO 1
| #define HAVE_PNG_H 1
| /* end confdefs.h.  */
| #include <stdio.h>
| #ifdef HAVE_SYS_TYPES_H
| # include <sys/types.h>
| #endif
| #ifdef HAVE_SYS_STAT_H
| # include <sys/stat.h>
| #endif
| #ifdef STDC_HEADERS
| # include <stdlib.h>
| # include <stddef.h>
| #else
| # ifdef HAVE_STDLIB_H
| #  include <stdlib.h>
| # endif
| #endif
| #ifdef HAVE_STRING_H
| # if !defined STDC_HEADERS && defined HAVE_MEMORY_H
| #  include <memory.h>
| # endif
| # include <string.h>
| #endif
| #ifdef HAVE_STRINGS_H
| # include <strings.h>
| #endif
| #ifdef HAVE_INTTYPES_H
| # include <inttypes.h>
| #endif
| #ifdef HAVE_STDINT_H
| # include <stdint.h>
| #endif
| #ifdef HAVE_UNISTD_H
| # include <unistd.h>
| #endif
| #include <paper.h>
configure:7959: result: no
configure:7959: checking paper.h presence
configure:7959: gcc -E    conftest.c
conftest.c:20:10: fatal error: 'paper.h' file not found
#include <paper.h>
         ^
1 error generated.
configure:7959: $? = 1
configure: failed program was:
| /* confdefs.h */
| #define PACKAGE_NAME ""
| #define PACKAGE_TARNAME ""
| #define PACKAGE_VERSION ""
| #define PACKAGE_STRING ""
| #define PACKAGE_BUGREPORT ""
| #define PACKAGE_URL ""
| #define APPDEFDIR ""
| #define SYSTEM_XPDFRC "/usr/local/etc/xpdfrc"
| #define X_DISPLAY_MISSING 1
| #define HAVE_DIRENT_H 1
| #define HAVE_REWINDDIR 1
| #define HAVE_POPEN 1
| #define HAVE_MKSTEMP 1
| #define HAVE_MKSTEMPS 1
| #define HAVE_STD_SORT 1
| #define HAVE_FSEEKO 1
| #define HAVE_PNG_H 1
| /* end confdefs.h.  */
| #include <paper.h>
configure:7959: result: no
configure:7959: checking for paper.h
configure:7959: result: no
configure:8040: result: not using libpaper library
configure:8193: creating ./config.status

## ---------------------- ##
## Running config.status. ##
## ---------------------- ##

This file was extended by config.status, which was
generated by GNU Autoconf 2.69.  Invocation command line was

  CONFIG_FILES    = 
  CONFIG_HEADERS  = 
  CONFIG_LINKS    = 
  CONFIG_COMMANDS = 
  $ ./config.status 

on FXPALHW0765.local

config.status:841: creating Makefile
config.status:944: WARNING:  'Makefile.in' seems to ignore the --datarootdir setting
config.status:841: creating goo/Makefile
config.status:841: creating fofi/Makefile
config.status:841: creating splash/Makefile
config.status:841: creating xpdf/Makefile
config.status:841: creating aconf.h
config.status:1016: aconf.h is unchanged
configure:9364: WARNING: Couldn't find X
configure:9368: WARNING: Couldn't find Motif
configure:9372: WARNING: Couldn't find FreeType
configure:9377: WARNING: -- You will be able to compile pdftops, pdftotext,
        pdfinfo, pdffonts, pdfdetach, and pdfimages, but not xpdf
        or pdftoppm

## ---------------- ##
## Cache variables. ##
## ---------------- ##

ac_cv_c_compiler_gnu=yes
ac_cv_cxx_compiler_gnu=yes
ac_cv_env_CCC_set=
ac_cv_env_CCC_value=
ac_cv_env_CC_set=
ac_cv_env_CC_value=
ac_cv_env_CFLAGS_set=
ac_cv_env_CFLAGS_value=
ac_cv_env_CPPFLAGS_set=
ac_cv_env_CPPFLAGS_value=
ac_cv_env_CPP_set=
ac_cv_env_CPP_value=
ac_cv_env_CXXFLAGS_set=
ac_cv_env_CXXFLAGS_value=
ac_cv_env_CXX_set=
ac_cv_env_CXX_value=
ac_cv_env_LDFLAGS_set=
ac_cv_env_LDFLAGS_value=
ac_cv_env_LIBS_set=
ac_cv_env_LIBS_value=
ac_cv_env_XMKMF_set=
ac_cv_env_XMKMF_value=
ac_cv_env_build_alias_set=
ac_cv_env_build_alias_value=
ac_cv_env_host_alias_set=
ac_cv_env_host_alias_value=
ac_cv_env_target_alias_set=
ac_cv_env_target_alias_value=
ac_cv_func_fseek64=no
ac_cv_func_ftell64=no
ac_cv_func_gethostbyname=yes
ac_cv_func_popen=yes
ac_cv_func_rewinddir=yes
ac_cv_have_x=have_x=no
ac_cv_header_dirent_dirent_h=yes
ac_cv_header_ft2build_h=no
ac_cv_header_paper_h=no
ac_cv_header_png_h=yes
ac_cv_lib_png_png_write_row=yes
ac_cv_objext=o
ac_cv_path_install='/usr/local/bin/ginstall -c'
ac_cv_prog_CPP='gcc -E'
ac_cv_prog_ac_ct_CC=gcc
ac_cv_prog_ac_ct_CXX=g++
ac_cv_prog_ac_ct_RANLIB=ranlib
ac_cv_prog_cc_c89=
ac_cv_prog_cc_c99=
ac_cv_prog_cc_g=yes
ac_cv_prog_cc_stdc=
ac_cv_prog_cxx_g=yes
ac_cv_search_opendir='none required'
ac_cv_search_strerror='none required'
ac_cv_sys_file_offset_bits=no
ac_cv_sys_largefile_CC=no
ac_cv_sys_largefile_source=no
smr_cv_with_freetype2_includes=
smr_cv_with_freetype2_library=maybe
smr_cv_with_libpaper_includes=
smr_cv_with_libpaper_library=maybe
smr_cv_with_libpng_includes=
smr_cv_with_libpng_library=maybe
xpdf_cv_func_fseek64=no
xpdf_cv_func_ftell64=no
xpdf_cv_func_mkstemp=yes
xpdf_cv_func_mkstemps=yes
xpdf_cv_func_select_arg=yes
xpdf_cv_func_std_sort=yes
xpdf_cv_sys_dos=no
xpdf_cv_sys_os2=no

## ----------------- ##
## Output variables. ##
## ----------------- ##

AR='ar rc'
CC='gcc'
CFLAGS='-g -O2'
CPP='gcc -E'
CPPFLAGS=''
CXX='g++'
CXXFLAGS='-g -O2'
DEFS='-DHAVE_CONFIG_H'
ECHO_C='\c'
ECHO_N=''
ECHO_T=''
EGREP=''
EXE=''
EXEEXT=''
EXTRA_CFLAGS=''
EXTRA_LIBS=''
GREP=''
INSTALL_DATA='${INSTALL} -m 644'
INSTALL_PROGRAM='${INSTALL}'
INSTALL_SCRIPT='${INSTALL}'
LDFLAGS=''
LIBOBJS=''
LIBPREFIX='lib'
LIBS=''
LTLIBOBJS=''
OBJEXT='o'
PACKAGE_BUGREPORT=''
PACKAGE_NAME=''
PACKAGE_STRING=''
PACKAGE_TARNAME=''
PACKAGE_URL=''
PACKAGE_VERSION=''
PATH_SEPARATOR=':'
RANLIB='ranlib'
SHELL='/bin/sh'
Sgm_CFLAGS=''
Sgm_LIBS=''
UP_DIR=''
X='#'
XMKMF=''
XPDF_TARGET='all-no-x'
X_CFLAGS=''
X_EXTRA_LIBS=''
X_LIBS=''
X_PRE_LIBS=''
Xext_CFLAGS=''
Xext_LIBS=''
Xm_CFLAGS=''
Xm_LIBS=''
Xp_CFLAGS=''
Xp_LIBS=''
Xpm_CFLAGS=''
Xpm_LIBS=''
Xt_CFLAGS=''
Xt_LIBS=''
ac_ct_CC='gcc'
ac_ct_CXX='g++'
bindir='${exec_prefix}/bin'
build_alias=''
datadir='${datarootdir}'
datarootdir='${prefix}/share'
docdir='${datarootdir}/doc/${PACKAGE}'
dvidir='${docdir}'
exec_prefix='${prefix}'
freetype2_CFLAGS=''
freetype2_LIBS=''
host_alias=''
htmldir='${docdir}'
includedir='${prefix}/include'
infodir='${datarootdir}/info'
libdir='${exec_prefix}/lib'
libexecdir='${exec_prefix}/libexec'
libpaper_CFLAGS=''
libpaper_LIBS=''
libpng_CFLAGS=''
libpng_LIBS='-lpng'
localedir='${datarootdir}/locale'
localstatedir='${prefix}/var'
mandir='${datarootdir}/man'
oldincludedir='/usr/include'
pdfdir='${docdir}'
prefix='/usr/local'
program_transform_name='s,x,x,'
psdir='${docdir}'
sbindir='${exec_prefix}/sbin'
sharedstatedir='${prefix}/com'
sysconfdir='${prefix}/etc'
target_alias=''

## ----------- ##
## confdefs.h. ##
## ----------- ##

/* confdefs.h */
#define PACKAGE_NAME ""
#define PACKAGE_TARNAME ""
#define PACKAGE_VERSION ""
#define PACKAGE_STRING ""
#define PACKAGE_BUGREPORT ""
#define PACKAGE_URL ""
#define APPDEFDIR ""
#define SYSTEM_XPDFRC "/usr/local/etc/xpdfrc"
#define X_DISPLAY_MISSING 1
#define HAVE_DIRENT_H 1
#define HAVE_REWINDDIR 1
#define HAVE_POPEN 1
#define HAVE_MKSTEMP 1
#define HAVE_MKSTEMPS 1
#define HAVE_STD_SORT 1
#define HAVE_FSEEKO 1
#define HAVE_PNG_H 1

configure: exit 0
